abkhazia.su
adygeya.ru
adygeya.su
aktyubinsk.su
altai.ru
amur.ru
amursk.ru
arkhangelsk.ru
arkhangelsk.su
armenia.su
ashgabad.su
astrakhan.ru
azerbaijan.su
baikal.ru
balashov.su
bashkiria.ru
bashkiria.su
belgorod.ru
belgorod.su
bir.ru
bryansk.ru
bryansk.su
bukhara.su
burg.ru
buryatia.ru
cbg.ru
chel.ru
chelyabinsk.ru
chimkent.su
chita.ru
chukotka.ru
chuvashia.ru
cmw.ru
com.ru
dagestan.ru
dagestan.su
dudinka.ru
east-kazakhstan.su
el.ru
exnet.su
fareast.ru
georgia.su
grozny.ru
grozny.su
irkutsk.ru
ivanovo.ru
ivanovo.su
izhevsk.ru
jamal.ru
jambyl.su
jar.ru
kalmykia.ru
kalmykia.su
kaluga.ru
kaluga.su
kamchatka.ru
karacol.su
karaganda.su
karelia.ru
karelia.su
kazan.ru
kchr.ru
kemerovo.ru
khabarovsk.ru
khakassia.ru
khakassia.su
khv.ru
kirov.ru
kms.ru
koenig.ru
komi.ru
komi.su
kostroma.ru
krasnodar.su
krasnoyarsk.ru
kuban.ru
kurgan.ru
kurgan.su
kursk.ru
kustanai.ru
kustanai.su
kuzbass.ru
lenug.su
lipetsk.ru
magadan.ru
magnitka.ru
mangyshlak.su
mari.ru
marine.ru
mordovia.ru
mordovia.su
mosreg.ru
msk.ru
msk.su
murmansk.ru
murmansk.su
mytis.ru
nakhodka.ru
nalchik.ru
nalchik.su
navoi.su
net.ru
nkz.ru
nnov.ru
norilsk.ru
north-kazakhstan.su
nov.ru
nov.su
novosibirsk.ru
nsk.ru
obninsk.su
ola.ru
omsk.ru
orenburg.ru
org.ru
oryol.ru
oskol.ru
palana.ru
penza.ru
penza.su
perm.ru
pokrovsk.su
pp.ru
pskov.ru
ptz.ru
pyatigorsk.ru
rnd.ru
ru.net
rubtsovsk.ru
ryazan.ru
sakhalin.ru
sakhalinsk.ru
samara.ru
saratov.ru
simbirsk.ru
smolensk.ru
snz.ru
sochi.su
spb.ru
spb.su
stavropol.ru
stv.ru
surgut.ru
syzran.ru
tagil.ru
tambov.ru
tashkent.su
tatarstan.ru
termez.su
tk
togliatti.su
tom.ru
tomsk.ru
troitsk.su
tsaritsyn.ru
tselinograd.su
tsk.ru
tula.ru
tula.su
tuva.ru
tuva.su
tver.ru
tyumen.ru
ude.ru
udm.ru
udmurtia.ru
uralsk.ru
vdonsk.ru
vladikavkaz.ru
vladikavkaz.su
vladimir.ru
vladimir.su
vladivostok.ru
volgograd.ru
vologda.ru
vologda.su
voronezh.ru
vrn.ru
vyatka.ru
yakutia.ru
yakutia.su
yamal.ru
yaroslavl.ru
yekaterinburg.ru
zgrad.ru
